0 - Tue Dec 12 20:48:47 2023 - A new data.csv file has been created..
1 - Tue Dec 12 20:48:50 2023 - Sensor node 15 has opened a new connection.
2 - Tue Dec 12 20:48:50 2023 - Data insertion from sensor 15 succeeded.
3 - Tue Dec 12 20:48:51 2023 - Data insertion from sensor 15 succeeded.
4 - Tue Dec 12 20:48:52 2023 - Sensor node 21 has opened a new connection.
5 - Tue Dec 12 20:48:52 2023 - Data insertion from sensor 21 succeeded.
6 - Tue Dec 12 20:48:52 2023 - Data insertion from sensor 15 succeeded.
7 - Tue Dec 12 20:48:53 2023 - Data insertion from sensor 15 succeeded.
8 - Tue Dec 12 20:48:54 2023 - Sensor node 15 reports it’s too hot (avg temp = 20.183006).
9 - Tue Dec 12 20:48:54 2023 - Data insertion from sensor 15 succeeded.
10 - Tue Dec 12 20:48:54 2023 - Sensor node 37 has opened a new connection.
11 - Tue Dec 12 20:48:54 2023 - Data insertion from sensor 37 succeeded.
12 - Tue Dec 12 20:48:55 2023 - Data insertion from sensor 21 succeeded.
13 - Tue Dec 12 20:48:55 2023 - Sensor node 15 reports it’s too hot (avg temp = 20.155075).
14 - Tue Dec 12 20:48:55 2023 - Data insertion from sensor 15 succeeded.
15 - Tue Dec 12 20:48:56 2023 - Sensor node 15 reports it’s too hot (avg temp = 20.095366).
16 - Tue Dec 12 20:48:56 2023 - Data insertion from sensor 15 succeeded.
17 - Tue Dec 12 20:48:56 2023 - Data insertion from sensor 37 succeeded.
18 - Tue Dec 12 20:48:57 2023 - Sensor node 15 reports it’s too hot (avg temp = 20.005878).
19 - Tue Dec 12 20:48:57 2023 - Data insertion from sensor 15 succeeded.
20 - Tue Dec 12 20:48:58 2023 - Data insertion from sensor 21 succeeded.
21 - Tue Dec 12 20:48:58 2023 - Data insertion from sensor 37 succeeded.
22 - Tue Dec 12 20:48:58 2023 - Data insertion from sensor 15 succeeded.
23 - Tue Dec 12 20:48:59 2023 - Data insertion from sensor 15 succeeded.
24 - Tue Dec 12 20:49:00 2023 - Data insertion from sensor 37 succeeded.
25 - Tue Dec 12 20:49:00 2023 - Data insertion from sensor 15 succeeded.
26 - Tue Dec 12 20:49:01 2023 - Data insertion from sensor 21 succeeded.
27 - Tue Dec 12 20:49:01 2023 - Data insertion from sensor 15 succeeded.
28 - Tue Dec 12 20:49:02 2023 - Sensor node 37 reports it’s too hot (avg temp = 20.005781).
29 - Tue Dec 12 20:49:02 2023 - Data insertion from sensor 37 succeeded.
30 - Tue Dec 12 20:49:02 2023 - Data insertion from sensor 15 succeeded.
31 - Tue Dec 12 20:49:03 2023 - Data insertion from sensor 15 succeeded.
32 - Tue Dec 12 20:49:04 2023 - Sensor node 21 reports it’s too hot (avg temp = 20.244393).
33 - Tue Dec 12 20:49:04 2023 - Data insertion from sensor 21 succeeded.
34 - Tue Dec 12 20:49:04 2023 - Sensor node 37 reports it’s too hot (avg temp = 20.022934).
35 - Tue Dec 12 20:49:04 2023 - Data insertion from sensor 37 succeeded.
36 - Tue Dec 12 20:49:04 2023 - Data insertion from sensor 15 succeeded.
37 - Tue Dec 12 20:49:05 2023 - Sensor node 15 has closed the connection.
38 - Tue Dec 12 20:49:05 2023 - Sensor node 21 has closed the connection.
39 - Tue Dec 12 20:49:05 2023 - Sensor node 37 has closed the connection.
40 - Tue Dec 12 20:49:05 2023 - The data.csv file has been closed.
